Build started 1/21/2020 5:07:23 PM.
     1>Project "c:\Users\Rikka\documents\visual studio 2012\Projects\FizzBuzzz\FizzBuzzz\FizzBuzzz.vcxproj" on node 2 (Build target(s)).
     1>ClCompile:
         E:\Visual Studio\VC\bin\CL.exe /c /ZI /nologo /W3 /WX- /sdl /Od /Oy- /D WIN32 /D _DEBUG /D _CONSOLE /D _UNICODE /D UNICODE /Gm /EHsc /RTC1 /MDd /GS /fp:precise /Zc:wchar_t /Zc:forScope /Yu"stdafx.h" /Fp"Debug\FizzBuzzz.pch" /Fo"Debug\\" /Fd"Debug\vc110.pdb" /Gd /TP /analyze- /errorReport:prompt FizzBuzzz.cpp
         FizzBuzzz.cpp
     1>c:\users\rikka\documents\visual studio 2012\projects\fizzbuzzz\fizzbuzzz\fizzbuzzz.cpp(25): fatal error C1075: end of file found before the left brace '{' at 'c:\users\rikka\documents\visual studio 2012\projects\fizzbuzzz\fizzbuzzz\fizzbuzzz.cpp(8)' was matched
     1>Done Building Project "c:\Users\Rikka\documents\visual studio 2012\Projects\FizzBuzzz\FizzBuzzz\FizzBuzzz.vcxproj" (Build target(s)) -- FAILED.

Build FAILED.

Time Elapsed 00:00:00.34
